Analysis & Synthesis report for SurroundSound
Mon Jun 17 12:53:46 2019
Quartus Prime Version 18.1.0 Build 625 09/12/2018 SJ Standard Edition


---------------------
; Table of Contents ;
---------------------
  1. Legal Notice
  2. Analysis & Synthesis Summary
  3. Analysis & Synthesis Settings
  4. Parallel Compilation
  5. Analysis & Synthesis Source Files Read
  6. Analysis & Synthesis Resource Usage Summary
  7. Analysis & Synthesis Resource Utilization by Entity
  8. General Register Statistics
  9. Port Connectivity Checks: "FilterMemory:FMem"
 10. Port Connectivity Checks: "ButtonController:BC"
 11. Post-Synthesis Netlist Statistics for Top Partition
 12. Elapsed Time Per Partition
 13. Analysis & Synthesis Messages



----------------
; Legal Notice ;
----------------
Copyright (C) 2018  Intel Corporation. All rights reserved.
Your use of Intel Corporation's design tools, logic functions 
and other software and tools, and its AMPP partner logic 
functions, and any output files from any of the foregoing 
(including device programming or simulation files), and any 
associated documentation or information are expressly subject 
to the terms and conditions of the Intel Program License 
Subscription Agreement, the Intel Quartus Prime License Agreement,
the Intel FPGA IP License Agreement, or other applicable license
agreement, including, without limitation, that your use is for
the sole purpose of programming logic devices manufactured by
Intel and sold by Intel or its authorized distributors.  Please
refer to the applicable agreement for further details.



+-----------------------------------------------------------------------------------+
; Analysis & Synthesis Summary                                                      ;
+---------------------------------+-------------------------------------------------+
; Analysis & Synthesis Status     ; Successful - Mon Jun 17 12:53:46 2019           ;
; Quartus Prime Version           ; 18.1.0 Build 625 09/12/2018 SJ Standard Edition ;
; Revision Name                   ; SurroundSound                                   ;
; Top-level Entity Name           ; SurroundSound                                   ;
; Family                          ; Cyclone V                                       ;
; Logic utilization (in ALMs)     ; N/A                                             ;
; Total registers                 ; 0                                               ;
; Total pins                      ; 30                                              ;
; Total virtual pins              ; 0                                               ;
; Total block memory bits         ; 0                                               ;
; Total DSP Blocks                ; 0                                               ;
; Total HSSI RX PCSs              ; 0                                               ;
; Total HSSI PMA RX Deserializers ; 0                                               ;
; Total HSSI TX PCSs              ; 0                                               ;
; Total HSSI PMA TX Serializers   ; 0                                               ;
; Total PLLs                      ; 0                                               ;
; Total DLLs                      ; 0                                               ;
+---------------------------------+-------------------------------------------------+


+---------------------------------------------------------------------------------------------------------------------------+
; Analysis & Synthesis Settings                                                                                             ;
+---------------------------------------------------------------------------------+--------------------+--------------------+
; Option                                                                          ; Setting            ; Default Value      ;
+---------------------------------------------------------------------------------+--------------------+--------------------+
; Device                                                                          ; 5CSEMA5F31C6       ;                    ;
; Top-level entity name                                                           ; SurroundSound      ; SurroundSound      ;
; Family name                                                                     ; Cyclone V          ; Cyclone V          ;
; Use smart compilation                                                           ; Off                ; Off                ;
; Enable parallel Assembler and Timing Analyzer during compilation                ; On                 ; On                 ;
; Enable compact report table                                                     ; Off                ; Off                ;
; Restructure Multiplexers                                                        ; Auto               ; Auto               ;
; MLAB Add Timing Constraints For Mixed-Port Feed-Through Mode Setting Don't Care ; Off                ; Off                ;
; Create Debugging Nodes for IP Cores                                             ; Off                ; Off                ;
; Preserve fewer node names                                                       ; On                 ; On                 ;
; Intel FPGA IP Evaluation Mode                                                   ; Enable             ; Enable             ;
; Verilog Version                                                                 ; Verilog_2001       ; Verilog_2001       ;
; VHDL Version                                                                    ; VHDL_1993          ; VHDL_1993          ;
; State Machine Processing                                                        ; Auto               ; Auto               ;
; Safe State Machine                                                              ; Off                ; Off                ;
; Extract Verilog State Machines                                                  ; On                 ; On                 ;
; Extract VHDL State Machines                                                     ; On                 ; On                 ;
; Ignore Verilog initial constructs                                               ; Off                ; Off                ;
; Iteration limit for constant Verilog loops                                      ; 5000               ; 5000               ;
; Iteration limit for non-constant Verilog loops                                  ; 250                ; 250                ;
; Add Pass-Through Logic to Inferred RAMs                                         ; On                 ; On                 ;
; Infer RAMs from Raw Logic                                                       ; On                 ; On                 ;
; Parallel Synthesis                                                              ; On                 ; On                 ;
; DSP Block Balancing                                                             ; Auto               ; Auto               ;
; NOT Gate Push-Back                                                              ; On                 ; On                 ;
; Power-Up Don't Care                                                             ; On                 ; On                 ;
; Remove Redundant Logic Cells                                                    ; Off                ; Off                ;
; Remove Duplicate Registers                                                      ; On                 ; On                 ;
; Ignore CARRY Buffers                                                            ; Off                ; Off                ;
; Ignore CASCADE Buffers                                                          ; Off                ; Off                ;
; Ignore GLOBAL Buffers                                                           ; Off                ; Off                ;
; Ignore ROW GLOBAL Buffers                                                       ; Off                ; Off                ;
; Ignore LCELL Buffers                                                            ; Off                ; Off                ;
; Ignore SOFT Buffers                                                             ; On                 ; On                 ;
; Limit AHDL Integers to 32 Bits                                                  ; Off                ; Off                ;
; Optimization Technique                                                          ; Balanced           ; Balanced           ;
; Carry Chain Length                                                              ; 70                 ; 70                 ;
; Auto Carry Chains                                                               ; On                 ; On                 ;
; Auto Open-Drain Pins                                                            ; On                 ; On                 ;
; Perform WYSIWYG Primitive Resynthesis                                           ; Off                ; Off                ;
; Auto ROM Replacement                                                            ; On                 ; On                 ;
; Auto RAM Replacement                                                            ; On                 ; On                 ;
; Auto DSP Block Replacement                                                      ; On                 ; On                 ;
; Auto Shift Register Replacement                                                 ; Auto               ; Auto               ;
; Allow Shift Register Merging across Hierarchies                                 ; Auto               ; Auto               ;
; Auto Clock Enable Replacement                                                   ; On                 ; On                 ;
; Strict RAM Replacement                                                          ; Off                ; Off                ;
; Allow Synchronous Control Signals                                               ; On                 ; On                 ;
; Force Use of Synchronous Clear Signals                                          ; Off                ; Off                ;
; Auto Resource Sharing                                                           ; Off                ; Off                ;
; Allow Any RAM Size For Recognition                                              ; Off                ; Off                ;
; Allow Any ROM Size For Recognition                                              ; Off                ; Off                ;
; Allow Any Shift Register Size For Recognition                                   ; Off                ; Off                ;
; Use LogicLock Constraints during Resource Balancing                             ; On                 ; On                 ;
; Ignore translate_off and synthesis_off directives                               ; Off                ; Off                ;
; Timing-Driven Synthesis                                                         ; On                 ; On                 ;
; Report Parameter Settings                                                       ; On                 ; On                 ;
; Report Source Assignments                                                       ; On                 ; On                 ;
; Report Connectivity Checks                                                      ; On                 ; On                 ;
; Ignore Maximum Fan-Out Assignments                                              ; Off                ; Off                ;
; Synchronization Register Chain Length                                           ; 3                  ; 3                  ;
; Power Optimization During Synthesis                                             ; Normal compilation ; Normal compilation ;
; HDL message level                                                               ; Level2             ; Level2             ;
; Suppress Register Optimization Related Messages                                 ; Off                ; Off                ;
; Number of Removed Registers Reported in Synthesis Report                        ; 5000               ; 5000               ;
; Number of Swept Nodes Reported in Synthesis Report                              ; 5000               ; 5000               ;
; Number of Inverted Registers Reported in Synthesis Report                       ; 100                ; 100                ;
; Clock MUX Protection                                                            ; On                 ; On                 ;
; Auto Gated Clock Conversion                                                     ; Off                ; Off                ;
; Block Design Naming                                                             ; Auto               ; Auto               ;
; SDC constraint protection                                                       ; Off                ; Off                ;
; Synthesis Effort                                                                ; Auto               ; Auto               ;
; Shift Register Replacement - Allow Asynchronous Clear Signal                    ; On                 ; On                 ;
; Pre-Mapping Resynthesis Optimization                                            ; Off                ; Off                ;
; Analysis & Synthesis Message Level                                              ; Medium             ; Medium             ;
; Disable Register Merging Across Hierarchies                                     ; Auto               ; Auto               ;
; Resource Aware Inference For Block RAM                                          ; On                 ; On                 ;
; Automatic Parallel Synthesis                                                    ; On                 ; On                 ;
; Partial Reconfiguration Bitstream ID                                            ; Off                ; Off                ;
+---------------------------------------------------------------------------------+--------------------+--------------------+


+------------------------------------------+
; Parallel Compilation                     ;
+----------------------------+-------------+
; Processors                 ; Number      ;
+----------------------------+-------------+
; Number detected on machine ; 4           ;
; Maximum allowed            ; 2           ;
;                            ;             ;
; Average used               ; 1.00        ;
; Maximum used               ; 1           ;
;                            ;             ;
; Usage by Processor         ; % Time Used ;
;     Processor 1            ; 100.0%      ;
+----------------------------+-------------+


+------------------------------------------------------------------------------------------------------------------------------------------------------------------------------+
; Analysis & Synthesis Source Files Read                                                                                                                                       ;
+----------------------------------+-----------------+-----------------+---------------------------------------------------------------------------------------------+---------+
; File Name with User-Entered Path ; Used in Netlist ; File Type       ; File Name with Absolute Path                                                                ; Library ;
+----------------------------------+-----------------+-----------------+---------------------------------------------------------------------------------------------+---------+
; SurroundSound.vhd                ; yes             ; User VHDL File  ; C:/Users/Anders/Documents/DSPC/DSPCProjekt/SorroundSound/SurroundSound/SurroundSound.vhd    ;         ;
; FilterTypes.vhd                  ; yes             ; User VHDL File  ; C:/Users/Anders/Documents/DSPC/DSPCProjekt/SorroundSound/SurroundSound/FilterTypes.vhd      ;         ;
; ButtonController.vhd             ; yes             ; User VHDL File  ; C:/Users/Anders/Documents/DSPC/DSPCProjekt/SorroundSound/SurroundSound/ButtonController.vhd ;         ;
; FilterMemory.vhd                 ; yes             ; User VHDL File  ; C:/Users/Anders/Documents/DSPC/DSPCProjekt/SorroundSound/SurroundSound/FilterMemory.vhd     ;         ;
+----------------------------------+-----------------+-----------------+---------------------------------------------------------------------------------------------+---------+


+------------------------------------------------------------------+
; Analysis & Synthesis Resource Usage Summary                      ;
+---------------------------------------------+--------------------+
; Resource                                    ; Usage              ;
+---------------------------------------------+--------------------+
; Estimate of Logic utilization (ALMs needed) ; 0                  ;
;                                             ;                    ;
; Combinational ALUT usage for logic          ; 0                  ;
;     -- 7 input functions                    ; 0                  ;
;     -- 6 input functions                    ; 0                  ;
;     -- 5 input functions                    ; 0                  ;
;     -- 4 input functions                    ; 0                  ;
;     -- <=3 input functions                  ; 0                  ;
;                                             ;                    ;
; Dedicated logic registers                   ; 0                  ;
;                                             ;                    ;
; I/O pins                                    ; 30                 ;
;                                             ;                    ;
; Total DSP Blocks                            ; 0                  ;
;                                             ;                    ;
; Maximum fan-out node                        ; AUD_ADCLRCK~output ;
; Maximum fan-out                             ; 1                  ;
; Total fan-out                               ; 33                 ;
; Average fan-out                             ; 0.52               ;
+---------------------------------------------+--------------------+


+------------------------------------------------------------------------------------------------------------------------------------------------------------------------------------------+
; Analysis & Synthesis Resource Utilization by Entity                                                                                                                                      ;
+----------------------------+---------------------+---------------------------+-------------------+------------+------+--------------+---------------------+---------------+--------------+
; Compilation Hierarchy Node ; Combinational ALUTs ; Dedicated Logic Registers ; Block Memory Bits ; DSP Blocks ; Pins ; Virtual Pins ; Full Hierarchy Name ; Entity Name   ; Library Name ;
+----------------------------+---------------------+---------------------------+-------------------+------------+------+--------------+---------------------+---------------+--------------+
; |SurroundSound             ; 0 (0)               ; 0 (0)                     ; 0                 ; 0          ; 30   ; 0            ; |SurroundSound      ; SurroundSound ; work         ;
+----------------------------+---------------------+---------------------------+-------------------+------------+------+--------------+---------------------+---------------+--------------+
Note: For table entries with two numbers listed, the numbers in parentheses indicate the number of resources of the given type used by the specific entity alone. The numbers listed outside of parentheses indicate the total resources of the given type used by the specific entity and all of its sub-entities in the hierarchy.


+------------------------------------------------------+
; General Register Statistics                          ;
+----------------------------------------------+-------+
; Statistic                                    ; Value ;
+----------------------------------------------+-------+
; Total registers                              ; 0     ;
; Number of registers using Synchronous Clear  ; 0     ;
; Number of registers using Synchronous Load   ; 0     ;
; Number of registers using Asynchronous Clear ; 0     ;
; Number of registers using Asynchronous Load  ; 0     ;
; Number of registers using Clock Enable       ; 0     ;
; Number of registers using Preset             ; 0     ;
+----------------------------------------------+-------+


+-----------------------------------------------------------------------------------------------------------------------+
; Port Connectivity Checks: "FilterMemory:FMem"                                                                         ;
+-------------+--------+----------+-------------------------------------------------------------------------------------+
; Port        ; Type   ; Severity ; Details                                                                             ;
+-------------+--------+----------+-------------------------------------------------------------------------------------+
; mem_filters ; Output ; Info     ; Connected to dangling logic. Logic that only feeds a dangling port will be removed. ;
+-------------+--------+----------+-------------------------------------------------------------------------------------+


+---------------------------------------------------------------------------------------------------------------------+
; Port Connectivity Checks: "ButtonController:BC"                                                                     ;
+-----------+--------+----------+-------------------------------------------------------------------------------------+
; Port      ; Type   ; Severity ; Details                                                                             ;
+-----------+--------+----------+-------------------------------------------------------------------------------------+
; reset     ; Input  ; Info     ; Stuck at GND                                                                        ;
; direction ; Output ; Info     ; Connected to dangling logic. Logic that only feeds a dangling port will be removed. ;
+-----------+--------+----------+-------------------------------------------------------------------------------------+


+-----------------------------------------------------+
; Post-Synthesis Netlist Statistics for Top Partition ;
+-----------------------+-----------------------------+
; Type                  ; Count                       ;
+-----------------------+-----------------------------+
; arriav_io_obuf        ; 3                           ;
; arriav_lcell_comb     ; 1                           ;
;     normal            ; 1                           ;
;         0 data inputs ; 1                           ;
; boundary_port         ; 30                          ;
;                       ;                             ;
; Max LUT depth         ; 0.00                        ;
; Average LUT depth     ; 0.00                        ;
+-----------------------+-----------------------------+


+-------------------------------+
; Elapsed Time Per Partition    ;
+----------------+--------------+
; Partition Name ; Elapsed Time ;
+----------------+--------------+
; Top            ; 00:00:01     ;
+----------------+--------------+


+-------------------------------+
; Analysis & Synthesis Messages ;
+-------------------------------+
Info: *******************************************************************
Info: Running Quartus Prime Analysis & Synthesis
    Info: Version 18.1.0 Build 625 09/12/2018 SJ Standard Edition
    Info: Processing started: Mon Jun 17 12:51:41 2019
Info: Command: quartus_map --read_settings_files=on --write_settings_files=off SurroundSound -c SurroundSound
Warning (18236): Number of processors has not been specified which may cause overloading on shared machines.  Set the global assignment NUM_PARALLEL_PROCESSORS in your QSF to an appropriate value for best performance.
Info (20030): Parallel compilation is enabled and will use 2 of the 2 processors detected
Info (12021): Found 2 design units, including 1 entities, in source file surroundsound.vhd
    Info (12022): Found design unit 1: SurroundSound-default File: C:/Users/Anders/Documents/DSPC/DSPCProjekt/SorroundSound/SurroundSound/SurroundSound.vhd Line: 23
    Info (12023): Found entity 1: SurroundSound File: C:/Users/Anders/Documents/DSPC/DSPCProjekt/SorroundSound/SurroundSound/SurroundSound.vhd Line: 7
Info (12021): Found 1 design units, including 0 entities, in source file filtertypes.vhd
    Info (12022): Found design unit 1: FilterTypes File: C:/Users/Anders/Documents/DSPC/DSPCProjekt/SorroundSound/SurroundSound/FilterTypes.vhd Line: 5
Info (12021): Found 2 design units, including 1 entities, in source file filtermanager.vhd
    Info (12022): Found design unit 1: FilterManager-filtering File: C:/Users/Anders/Documents/DSPC/DSPCProjekt/SorroundSound/SurroundSound/FilterManager.vhd Line: 19
    Info (12023): Found entity 1: FilterManager File: C:/Users/Anders/Documents/DSPC/DSPCProjekt/SorroundSound/SurroundSound/FilterManager.vhd Line: 9
Info (12021): Found 2 design units, including 1 entities, in source file filterinterpolator.vhd
    Info (12022): Found design unit 1: FilterInterpolator-default File: C:/Users/Anders/Documents/DSPC/DSPCProjekt/SorroundSound/SurroundSound/FilterInterpolator.vhd Line: 16
    Info (12023): Found entity 1: FilterInterpolator File: C:/Users/Anders/Documents/DSPC/DSPCProjekt/SorroundSound/SurroundSound/FilterInterpolator.vhd Line: 7
Info (12021): Found 2 design units, including 1 entities, in source file buttoncontroller.vhd
    Info (12022): Found design unit 1: ButtonController-controlDirection File: C:/Users/Anders/Documents/DSPC/DSPCProjekt/SorroundSound/SurroundSound/ButtonController.vhd Line: 15
    Info (12023): Found entity 1: ButtonController File: C:/Users/Anders/Documents/DSPC/DSPCProjekt/SorroundSound/SurroundSound/ButtonController.vhd Line: 5
Info (12021): Found 2 design units, including 1 entities, in source file filterprocessor.vhd
    Info (12022): Found design unit 1: FilterProcessor-default File: C:/Users/Anders/Documents/DSPC/DSPCProjekt/SorroundSound/SurroundSound/FilterProcessor.vhd Line: 15
    Info (12023): Found entity 1: FilterProcessor File: C:/Users/Anders/Documents/DSPC/DSPCProjekt/SorroundSound/SurroundSound/FilterProcessor.vhd Line: 7
Info (12021): Found 2 design units, including 1 entities, in source file iis2bytestream.vhd
    Info (12022): Found design unit 1: IIS2ByteStream-stream File: C:/Users/Anders/Documents/DSPC/DSPCProjekt/SorroundSound/SurroundSound/IIS2ByteStream.vhd Line: 19
    Info (12023): Found entity 1: IIS2ByteStream File: C:/Users/Anders/Documents/DSPC/DSPCProjekt/SorroundSound/SurroundSound/IIS2ByteStream.vhd Line: 8
Info (12021): Found 2 design units, including 1 entities, in source file bytestream2iis.vhd
    Info (12022): Found design unit 1: ByteStream2IIS-stream File: C:/Users/Anders/Documents/DSPC/DSPCProjekt/SorroundSound/SurroundSound/ByteStream2IIS.vhd Line: 19
    Info (12023): Found entity 1: ByteStream2IIS File: C:/Users/Anders/Documents/DSPC/DSPCProjekt/SorroundSound/SurroundSound/ByteStream2IIS.vhd Line: 7
Info (12021): Found 2 design units, including 1 entities, in source file filtermemory.vhd
    Info (12022): Found design unit 1: FilterMemory-memery File: C:/Users/Anders/Documents/DSPC/DSPCProjekt/SorroundSound/SurroundSound/FilterMemory.vhd Line: 11
    Info (12023): Found entity 1: FilterMemory File: C:/Users/Anders/Documents/DSPC/DSPCProjekt/SorroundSound/SurroundSound/FilterMemory.vhd Line: 7
Info (12127): Elaborating entity "SurroundSound" for the top level hierarchy
Warning (10541): VHDL Signal Declaration warning at SurroundSound.vhd(12): used implicit default value for signal "AUD_DACDAT" because signal was never assigned a value or an explicit default value. Use of implicit default value may introduce unintended design optimizations. File: C:/Users/Anders/Documents/DSPC/DSPCProjekt/SorroundSound/SurroundSound/SurroundSound.vhd Line: 12
Warning (10541): VHDL Signal Declaration warning at SurroundSound.vhd(18): used implicit default value for signal "LEDR" because signal was never assigned a value or an explicit default value. Use of implicit default value may introduce unintended design optimizations. File: C:/Users/Anders/Documents/DSPC/DSPCProjekt/SorroundSound/SurroundSound/SurroundSound.vhd Line: 18
Warning (10540): VHDL Signal Declaration warning at SurroundSound.vhd(24): used explicit default value for signal "reset" because signal was never assigned a value File: C:/Users/Anders/Documents/DSPC/DSPCProjekt/SorroundSound/SurroundSound/SurroundSound.vhd Line: 24
Warning (10036): Verilog HDL or VHDL warning at SurroundSound.vhd(25): object "direction" assigned a value but never read File: C:/Users/Anders/Documents/DSPC/DSPCProjekt/SorroundSound/SurroundSound/SurroundSound.vhd Line: 25
Warning (10036): Verilog HDL or VHDL warning at SurroundSound.vhd(26): object "mem_filters" assigned a value but never read File: C:/Users/Anders/Documents/DSPC/DSPCProjekt/SorroundSound/SurroundSound/SurroundSound.vhd Line: 26
Info (10008): Verilog HDL or VHDL information: EDA Netlist Writer cannot regroup multidimensional array "mem_filters" into its bus
Info (12128): Elaborating entity "ButtonController" for hierarchy "ButtonController:BC" File: C:/Users/Anders/Documents/DSPC/DSPCProjekt/SorroundSound/SurroundSound/SurroundSound.vhd Line: 28
Warning (10492): VHDL Process Statement warning at ButtonController.vhd(25): signal "degrees" is read inside the Process Statement but isn't in the Process Statement's sensitivity list File: C:/Users/Anders/Documents/DSPC/DSPCProjekt/SorroundSound/SurroundSound/ButtonController.vhd Line: 25
Warning (10492): VHDL Process Statement warning at ButtonController.vhd(26): signal "sense" is read inside the Process Statement but isn't in the Process Statement's sensitivity list File: C:/Users/Anders/Documents/DSPC/DSPCProjekt/SorroundSound/SurroundSound/ButtonController.vhd Line: 26
Warning (10631): VHDL Process Statement warning at ButtonController.vhd(23): inferring latch(es) for signal or variable "step", which holds its previous value in one or more paths through the process File: C:/Users/Anders/Documents/DSPC/DSPCProjekt/SorroundSound/SurroundSound/ButtonController.vhd Line: 23
Info (10041): Inferred latch for "step[0]" at ButtonController.vhd(23) File: C:/Users/Anders/Documents/DSPC/DSPCProjekt/SorroundSound/SurroundSound/ButtonController.vhd Line: 23
Info (10041): Inferred latch for "step[1]" at ButtonController.vhd(23) File: C:/Users/Anders/Documents/DSPC/DSPCProjekt/SorroundSound/SurroundSound/ButtonController.vhd Line: 23
Info (10041): Inferred latch for "step[2]" at ButtonController.vhd(23) File: C:/Users/Anders/Documents/DSPC/DSPCProjekt/SorroundSound/SurroundSound/ButtonController.vhd Line: 23
Info (10041): Inferred latch for "step[3]" at ButtonController.vhd(23) File: C:/Users/Anders/Documents/DSPC/DSPCProjekt/SorroundSound/SurroundSound/ButtonController.vhd Line: 23
Info (10041): Inferred latch for "step[4]" at ButtonController.vhd(23) File: C:/Users/Anders/Documents/DSPC/DSPCProjekt/SorroundSound/SurroundSound/ButtonController.vhd Line: 23
Info (10041): Inferred latch for "step[5]" at ButtonController.vhd(23) File: C:/Users/Anders/Documents/DSPC/DSPCProjekt/SorroundSound/SurroundSound/ButtonController.vhd Line: 23
Info (10041): Inferred latch for "step[6]" at ButtonController.vhd(23) File: C:/Users/Anders/Documents/DSPC/DSPCProjekt/SorroundSound/SurroundSound/ButtonController.vhd Line: 23
Info (10041): Inferred latch for "step[7]" at ButtonController.vhd(23) File: C:/Users/Anders/Documents/DSPC/DSPCProjekt/SorroundSound/SurroundSound/ButtonController.vhd Line: 23
Info (10041): Inferred latch for "step[8]" at ButtonController.vhd(23) File: C:/Users/Anders/Documents/DSPC/DSPCProjekt/SorroundSound/SurroundSound/ButtonController.vhd Line: 23
Info (10041): Inferred latch for "step[9]" at ButtonController.vhd(23) File: C:/Users/Anders/Documents/DSPC/DSPCProjekt/SorroundSound/SurroundSound/ButtonController.vhd Line: 23
Info (10041): Inferred latch for "step[10]" at ButtonController.vhd(23) File: C:/Users/Anders/Documents/DSPC/DSPCProjekt/SorroundSound/SurroundSound/ButtonController.vhd Line: 23
Info (10041): Inferred latch for "step[11]" at ButtonController.vhd(23) File: C:/Users/Anders/Documents/DSPC/DSPCProjekt/SorroundSound/SurroundSound/ButtonController.vhd Line: 23
Info (10041): Inferred latch for "step[12]" at ButtonController.vhd(23) File: C:/Users/Anders/Documents/DSPC/DSPCProjekt/SorroundSound/SurroundSound/ButtonController.vhd Line: 23
Info (10041): Inferred latch for "step[13]" at ButtonController.vhd(23) File: C:/Users/Anders/Documents/DSPC/DSPCProjekt/SorroundSound/SurroundSound/ButtonController.vhd Line: 23
Info (10041): Inferred latch for "step[14]" at ButtonController.vhd(23) File: C:/Users/Anders/Documents/DSPC/DSPCProjekt/SorroundSound/SurroundSound/ButtonController.vhd Line: 23
Info (10041): Inferred latch for "step[15]" at ButtonController.vhd(23) File: C:/Users/Anders/Documents/DSPC/DSPCProjekt/SorroundSound/SurroundSound/ButtonController.vhd Line: 23
Info (10041): Inferred latch for "step[16]" at ButtonController.vhd(23) File: C:/Users/Anders/Documents/DSPC/DSPCProjekt/SorroundSound/SurroundSound/ButtonController.vhd Line: 23
Info (10041): Inferred latch for "step[17]" at ButtonController.vhd(23) File: C:/Users/Anders/Documents/DSPC/DSPCProjekt/SorroundSound/SurroundSound/ButtonController.vhd Line: 23
Info (10041): Inferred latch for "step[18]" at ButtonController.vhd(23) File: C:/Users/Anders/Documents/DSPC/DSPCProjekt/SorroundSound/SurroundSound/ButtonController.vhd Line: 23
Info (10041): Inferred latch for "step[19]" at ButtonController.vhd(23) File: C:/Users/Anders/Documents/DSPC/DSPCProjekt/SorroundSound/SurroundSound/ButtonController.vhd Line: 23
Info (10041): Inferred latch for "step[20]" at ButtonController.vhd(23) File: C:/Users/Anders/Documents/DSPC/DSPCProjekt/SorroundSound/SurroundSound/ButtonController.vhd Line: 23
Info (10041): Inferred latch for "step[21]" at ButtonController.vhd(23) File: C:/Users/Anders/Documents/DSPC/DSPCProjekt/SorroundSound/SurroundSound/ButtonController.vhd Line: 23
Info (10041): Inferred latch for "step[22]" at ButtonController.vhd(23) File: C:/Users/Anders/Documents/DSPC/DSPCProjekt/SorroundSound/SurroundSound/ButtonController.vhd Line: 23
Info (10041): Inferred latch for "step[23]" at ButtonController.vhd(23) File: C:/Users/Anders/Documents/DSPC/DSPCProjekt/SorroundSound/SurroundSound/ButtonController.vhd Line: 23
Info (10041): Inferred latch for "step[24]" at ButtonController.vhd(23) File: C:/Users/Anders/Documents/DSPC/DSPCProjekt/SorroundSound/SurroundSound/ButtonController.vhd Line: 23
Info (10041): Inferred latch for "step[25]" at ButtonController.vhd(23) File: C:/Users/Anders/Documents/DSPC/DSPCProjekt/SorroundSound/SurroundSound/ButtonController.vhd Line: 23
Info (10041): Inferred latch for "step[26]" at ButtonController.vhd(23) File: C:/Users/Anders/Documents/DSPC/DSPCProjekt/SorroundSound/SurroundSound/ButtonController.vhd Line: 23
Info (10041): Inferred latch for "step[27]" at ButtonController.vhd(23) File: C:/Users/Anders/Documents/DSPC/DSPCProjekt/SorroundSound/SurroundSound/ButtonController.vhd Line: 23
Info (10041): Inferred latch for "step[28]" at ButtonController.vhd(23) File: C:/Users/Anders/Documents/DSPC/DSPCProjekt/SorroundSound/SurroundSound/ButtonController.vhd Line: 23
Info (10041): Inferred latch for "step[29]" at ButtonController.vhd(23) File: C:/Users/Anders/Documents/DSPC/DSPCProjekt/SorroundSound/SurroundSound/ButtonController.vhd Line: 23
Info (10041): Inferred latch for "step[30]" at ButtonController.vhd(23) File: C:/Users/Anders/Documents/DSPC/DSPCProjekt/SorroundSound/SurroundSound/ButtonController.vhd Line: 23
Info (10041): Inferred latch for "step[31]" at ButtonController.vhd(23) File: C:/Users/Anders/Documents/DSPC/DSPCProjekt/SorroundSound/SurroundSound/ButtonController.vhd Line: 23
Info (12128): Elaborating entity "FilterMemory" for hierarchy "FilterMemory:FMem" File: C:/Users/Anders/Documents/DSPC/DSPCProjekt/SorroundSound/SurroundSound/SurroundSound.vhd Line: 36
Warning (10873): Using initial value X (don't care) for net "mem_filters[23..1]" at FilterMemory.vhd(8) File: C:/Users/Anders/Documents/DSPC/DSPCProjekt/SorroundSound/SurroundSound/FilterMemory.vhd Line: 8
Info (10008): Verilog HDL or VHDL information: EDA Netlist Writer cannot regroup multidimensional array "mem_filters" into its bus
Info (10008): Verilog HDL or VHDL information: EDA Netlist Writer cannot regroup multidimensional array "mem_filters" into its bus
Warning (13039): The following bidirectional pins have no drivers
    Warning (13040): bidirectional pin "AUD_ADCLRCK" has no driver File: C:/Users/Anders/Documents/DSPC/DSPCProjekt/SorroundSound/SurroundSound/SurroundSound.vhd Line: 10
    Warning (13040): bidirectional pin "AUD_BCLK" has no driver File: C:/Users/Anders/Documents/DSPC/DSPCProjekt/SorroundSound/SurroundSound/SurroundSound.vhd Line: 11
    Warning (13040): bidirectional pin "AUD_DACLRCK" has no driver File: C:/Users/Anders/Documents/DSPC/DSPCProjekt/SorroundSound/SurroundSound/SurroundSound.vhd Line: 13
Warning (13024): Output pins are stuck at VCC or GND
    Warning (13410): Pin "AUD_DACDAT" is stuck at GND File: C:/Users/Anders/Documents/DSPC/DSPCProjekt/SorroundSound/SurroundSound/SurroundSound.vhd Line: 12
    Warning (13410): Pin "LEDR[0]" is stuck at GND File: C:/Users/Anders/Documents/DSPC/DSPCProjekt/SorroundSound/SurroundSound/SurroundSound.vhd Line: 18
    Warning (13410): Pin "LEDR[1]" is stuck at GND File: C:/Users/Anders/Documents/DSPC/DSPCProjekt/SorroundSound/SurroundSound/SurroundSound.vhd Line: 18
    Warning (13410): Pin "LEDR[2]" is stuck at GND File: C:/Users/Anders/Documents/DSPC/DSPCProjekt/SorroundSound/SurroundSound/SurroundSound.vhd Line: 18
    Warning (13410): Pin "LEDR[3]" is stuck at GND File: C:/Users/Anders/Documents/DSPC/DSPCProjekt/SorroundSound/SurroundSound/SurroundSound.vhd Line: 18
    Warning (13410): Pin "LEDR[4]" is stuck at GND File: C:/Users/Anders/Documents/DSPC/DSPCProjekt/SorroundSound/SurroundSound/SurroundSound.vhd Line: 18
    Warning (13410): Pin "LEDR[5]" is stuck at GND File: C:/Users/Anders/Documents/DSPC/DSPCProjekt/SorroundSound/SurroundSound/SurroundSound.vhd Line: 18
    Warning (13410): Pin "LEDR[6]" is stuck at GND File: C:/Users/Anders/Documents/DSPC/DSPCProjekt/SorroundSound/SurroundSound/SurroundSound.vhd Line: 18
    Warning (13410): Pin "LEDR[7]" is stuck at GND File: C:/Users/Anders/Documents/DSPC/DSPCProjekt/SorroundSound/SurroundSound/SurroundSound.vhd Line: 18
    Warning (13410): Pin "LEDR[8]" is stuck at GND File: C:/Users/Anders/Documents/DSPC/DSPCProjekt/SorroundSound/SurroundSound/SurroundSound.vhd Line: 18
    Warning (13410): Pin "LEDR[9]" is stuck at GND File: C:/Users/Anders/Documents/DSPC/DSPCProjekt/SorroundSound/SurroundSound/SurroundSound.vhd Line: 18
Info (16010): Generating hard_block partition "hard_block:auto_generated_inst"
    Info (16011): Adding 0 node(s), including 0 DDIO, 0 PLL, 0 transceiver and 0 LCELL
Warning (21074): Design contains 16 input pin(s) that do not drive logic
    Warning (15610): No output dependent on input pin "AUD_ADCDAT" File: C:/Users/Anders/Documents/DSPC/DSPCProjekt/SorroundSound/SurroundSound/SurroundSound.vhd Line: 9
    Warning (15610): No output dependent on input pin "CLK_50" File: C:/Users/Anders/Documents/DSPC/DSPCProjekt/SorroundSound/SurroundSound/SurroundSound.vhd Line: 15
    Warning (15610): No output dependent on input pin "KEY[0]" File: C:/Users/Anders/Documents/DSPC/DSPCProjekt/SorroundSound/SurroundSound/SurroundSound.vhd Line: 17
    Warning (15610): No output dependent on input pin "KEY[1]" File: C:/Users/Anders/Documents/DSPC/DSPCProjekt/SorroundSound/SurroundSound/SurroundSound.vhd Line: 17
    Warning (15610): No output dependent on input pin "KEY[2]" File: C:/Users/Anders/Documents/DSPC/DSPCProjekt/SorroundSound/SurroundSound/SurroundSound.vhd Line: 17
    Warning (15610): No output dependent on input pin "KEY[3]" File: C:/Users/Anders/Documents/DSPC/DSPCProjekt/SorroundSound/SurroundSound/SurroundSound.vhd Line: 17
    Warning (15610): No output dependent on input pin "SW[0]" File: C:/Users/Anders/Documents/DSPC/DSPCProjekt/SorroundSound/SurroundSound/SurroundSound.vhd Line: 19
    Warning (15610): No output dependent on input pin "SW[1]" File: C:/Users/Anders/Documents/DSPC/DSPCProjekt/SorroundSound/SurroundSound/SurroundSound.vhd Line: 19
    Warning (15610): No output dependent on input pin "SW[2]" File: C:/Users/Anders/Documents/DSPC/DSPCProjekt/SorroundSound/SurroundSound/SurroundSound.vhd Line: 19
    Warning (15610): No output dependent on input pin "SW[3]" File: C:/Users/Anders/Documents/DSPC/DSPCProjekt/SorroundSound/SurroundSound/SurroundSound.vhd Line: 19
    Warning (15610): No output dependent on input pin "SW[4]" File: C:/Users/Anders/Documents/DSPC/DSPCProjekt/SorroundSound/SurroundSound/SurroundSound.vhd Line: 19
    Warning (15610): No output dependent on input pin "SW[5]" File: C:/Users/Anders/Documents/DSPC/DSPCProjekt/SorroundSound/SurroundSound/SurroundSound.vhd Line: 19
    Warning (15610): No output dependent on input pin "SW[6]" File: C:/Users/Anders/Documents/DSPC/DSPCProjekt/SorroundSound/SurroundSound/SurroundSound.vhd Line: 19
    Warning (15610): No output dependent on input pin "SW[7]" File: C:/Users/Anders/Documents/DSPC/DSPCProjekt/SorroundSound/SurroundSound/SurroundSound.vhd Line: 19
    Warning (15610): No output dependent on input pin "SW[8]" File: C:/Users/Anders/Documents/DSPC/DSPCProjekt/SorroundSound/SurroundSound/SurroundSound.vhd Line: 19
    Warning (15610): No output dependent on input pin "SW[9]" File: C:/Users/Anders/Documents/DSPC/DSPCProjekt/SorroundSound/SurroundSound/SurroundSound.vhd Line: 19
Info (21057): Implemented 30 device resources after synthesis - the final resource count might be different
    Info (21058): Implemented 16 input pins
    Info (21059): Implemented 11 output pins
    Info (21060): Implemented 3 bidirectional pins
Info: Quartus Prime Analysis & Synthesis was successful. 0 errors, 43 warnings
    Info: Peak virtual memory: 5267 megabytes
    Info: Processing ended: Mon Jun 17 12:53:46 2019
    Info: Elapsed time: 00:02:05
    Info: Total CPU time (on all processors): 00:02:17


