Flow report for SurroundSound
<<<<<<< HEAD
Wed May 15 11:12:46 2019
=======
Wed May 15 11:09:20 2019
>>>>>>> f68011707426c6d18ca6cf056fe76fcb64bea9df
Quartus Prime Version 18.1.0 Build 625 09/12/2018 SJ Standard Edition


---------------------
; Table of Contents ;
---------------------
  1. Legal Notice
  2. Flow Summary
  3. Flow Settings
  4. Flow Non-Default Global Settings
  5. Flow Elapsed Time
  6. Flow OS Summary
  7. Flow Log
  8. Flow Messages
  9. Flow Suppressed Messages



----------------
; Legal Notice ;
----------------
Copyright (C) 2018  Intel Corporation. All rights reserved.
Your use of Intel Corporation's design tools, logic functions 
and other software and tools, and its AMPP partner logic 
functions, and any output files from any of the foregoing 
(including device programming or simulation files), and any 
associated documentation or information are expressly subject 
to the terms and conditions of the Intel Program License 
Subscription Agreement, the Intel Quartus Prime License Agreement,
the Intel FPGA IP License Agreement, or other applicable license
agreement, including, without limitation, that your use is for
the sole purpose of programming logic devices manufactured by
Intel and sold by Intel or its authorized distributors.  Please
refer to the applicable agreement for further details.



<<<<<<< HEAD
+-----------------------------------------------------------------------------------+
; Flow Summary                                                                      ;
+---------------------------------+-------------------------------------------------+
; Flow Status                     ; Successful - Wed May 15 11:12:41 2019           ;
; Quartus Prime Version           ; 18.1.0 Build 625 09/12/2018 SJ Standard Edition ;
; Revision Name                   ; SurroundSound                                   ;
; Top-level Entity Name           ; SurroundSound                                   ;
; Family                          ; Cyclone V                                       ;
; Device                          ; 5CSEMA5F31C6                                    ;
; Timing Models                   ; Final                                           ;
; Logic utilization (in ALMs)     ; 1 / 32,070 ( < 1 % )                            ;
; Total registers                 ; 0                                               ;
; Total pins                      ; 1 / 457 ( < 1 % )                               ;
; Total virtual pins              ; 0                                               ;
; Total block memory bits         ; 0 / 4,065,280 ( 0 % )                           ;
; Total DSP Blocks                ; 0 / 87 ( 0 % )                                  ;
; Total HSSI RX PCSs              ; 0                                               ;
; Total HSSI PMA RX Deserializers ; 0                                               ;
; Total HSSI TX PCSs              ; 0                                               ;
; Total HSSI PMA TX Serializers   ; 0                                               ;
; Total PLLs                      ; 0 / 6 ( 0 % )                                   ;
; Total DLLs                      ; 0 / 4 ( 0 % )                                   ;
+---------------------------------+-------------------------------------------------+
=======
+-------------------------------------------------------------------------------+
; Flow Summary                                                                  ;
+-----------------------------+-------------------------------------------------+
; Flow Status                 ; Flow Failed - Wed May 15 11:09:20 2019          ;
; Quartus Prime Version       ; 18.1.0 Build 625 09/12/2018 SJ Standard Edition ;
; Revision Name               ; SurroundSound                                   ;
; Top-level Entity Name       ; SorroundSoundTb                                 ;
; Family                      ; Cyclone V                                       ;
; Device                      ; 5CSEMA5F31C6                                    ;
; Timing Models               ; Final                                           ;
; Logic utilization (in ALMs) ; N/A until Partition Merge                       ;
; Total registers             ; N/A until Partition Merge                       ;
; Total pins                  ; N/A until Partition Merge                       ;
; Total virtual pins          ; N/A until Partition Merge                       ;
; Total block memory bits     ; N/A until Partition Merge                       ;
; Total PLLs                  ; N/A until Partition Merge                       ;
; Total DLLs                  ; N/A until Partition Merge                       ;
+-----------------------------+-------------------------------------------------+
>>>>>>> f68011707426c6d18ca6cf056fe76fcb64bea9df


+-----------------------------------------+
; Flow Settings                           ;
+-------------------+---------------------+
; Option            ; Setting             ;
+-------------------+---------------------+
<<<<<<< HEAD
; Start date & time ; 05/15/2019 11:11:52 ;
=======
; Start date & time ; 05/15/2019 11:08:57 ;
>>>>>>> f68011707426c6d18ca6cf056fe76fcb64bea9df
; Main task         ; Compilation         ;
; Revision Name     ; SurroundSound       ;
+-------------------+---------------------+


<<<<<<< HEAD
+-------------------------------------------------------------------------------------------------------------------------+
; Flow Non-Default Global Settings                                                                                        ;
+-------------------------------------+----------------------------------------+---------------+-------------+------------+
; Assignment Name                     ; Value                                  ; Default Value ; Entity Name ; Section Id ;
+-------------------------------------+----------------------------------------+---------------+-------------+------------+
; COMPILER_SIGNATURE_ID               ; 5025756519985.155791151216524          ; --            ; --          ; --         ;
; MAX_CORE_JUNCTION_TEMP              ; 85                                     ; --            ; --          ; --         ;
; MIN_CORE_JUNCTION_TEMP              ; 0                                      ; --            ; --          ; --         ;
; PARTITION_COLOR                     ; -- (Not supported for targeted family) ; --            ; --          ; Top        ;
; PARTITION_FITTER_PRESERVATION_LEVEL ; -- (Not supported for targeted family) ; --            ; --          ; Top        ;
; PARTITION_NETLIST_TYPE              ; -- (Not supported for targeted family) ; --            ; --          ; Top        ;
; PROJECT_OUTPUT_DIRECTORY            ; output_files                           ; --            ; --          ; --         ;
+-------------------------------------+----------------------------------------+---------------+-------------+------------+


+--------------------------------------------------------------------------------------------------------------------------+
; Flow Elapsed Time                                                                                                        ;
+----------------------+--------------+-------------------------+---------------------+------------------------------------+
; Module Name          ; Elapsed Time ; Average Processors Used ; Peak Virtual Memory ; Total CPU Time (on all processors) ;
+----------------------+--------------+-------------------------+---------------------+------------------------------------+
; Analysis & Synthesis ; 00:00:11     ; 1.0                     ; 4881 MB             ; 00:00:27                           ;
; Fitter               ; 00:00:29     ; 1.0                     ; 6760 MB             ; 00:01:11                           ;
; Assembler            ; 00:00:06     ; 1.0                     ; 4853 MB             ; 00:00:06                           ;
; Timing Analyzer      ; 00:00:04     ; 1.0                     ; 5149 MB             ; 00:00:03                           ;
; Total                ; 00:00:50     ; --                      ; --                  ; 00:01:47                           ;
+----------------------+--------------+-------------------------+---------------------+------------------------------------+


+------------------------------------------------------------------------------------+
; Flow OS Summary                                                                    ;
+----------------------+------------------+------------+------------+----------------+
; Module Name          ; Machine Hostname ; OS Name    ; OS Version ; Processor type ;
+----------------------+------------------+------------+------------+----------------+
; Analysis & Synthesis ; MarieUni         ; Windows 10 ; 10.0       ; x86_64         ;
; Fitter               ; MarieUni         ; Windows 10 ; 10.0       ; x86_64         ;
; Assembler            ; MarieUni         ; Windows 10 ; 10.0       ; x86_64         ;
; Timing Analyzer      ; MarieUni         ; Windows 10 ; 10.0       ; x86_64         ;
+----------------------+------------------+------------+------------+----------------+
=======
+-----------------------------------------------------------------------------------------------------------------------------+
; Flow Non-Default Global Settings                                                                                            ;
+-------------------------------------+----------------------------------------+---------------+-----------------+------------+
; Assignment Name                     ; Value                                  ; Default Value ; Entity Name     ; Section Id ;
+-------------------------------------+----------------------------------------+---------------+-----------------+------------+
; COMPILER_SIGNATURE_ID               ; 180331615333772.155791133606628        ; --            ; --              ; --         ;
; MAX_CORE_JUNCTION_TEMP              ; 85                                     ; --            ; --              ; --         ;
; MIN_CORE_JUNCTION_TEMP              ; 0                                      ; --            ; --              ; --         ;
; PARTITION_COLOR                     ; -- (Not supported for targeted family) ; --            ; SorroundSoundTb ; Top        ;
; PARTITION_FITTER_PRESERVATION_LEVEL ; -- (Not supported for targeted family) ; --            ; SorroundSoundTb ; Top        ;
; PARTITION_NETLIST_TYPE              ; -- (Not supported for targeted family) ; --            ; SorroundSoundTb ; Top        ;
; PROJECT_OUTPUT_DIRECTORY            ; output_files                           ; --            ; --              ; --         ;
; TOP_LEVEL_ENTITY                    ; SorroundSoundTb                        ; SurroundSound ; --              ; --         ;
+-------------------------------------+----------------------------------------+---------------+-----------------+------------+


+----------------------------------------------------------------------------------------------------------------------------+
; Flow Elapsed Time                                                                                                          ;
+------------------------+--------------+-------------------------+---------------------+------------------------------------+
; Module Name            ; Elapsed Time ; Average Processors Used ; Peak Virtual Memory ; Total CPU Time (on all processors) ;
+------------------------+--------------+-------------------------+---------------------+------------------------------------+
; Analysis & Elaboration ; 00:00:25     ; 1.0                     ; 4891 MB             ; 00:00:56                           ;
; Total                  ; 00:00:25     ; --                      ; --                  ; 00:00:56                           ;
+------------------------+--------------+-------------------------+---------------------+------------------------------------+


+--------------------------------------------------------------------------------------+
; Flow OS Summary                                                                      ;
+------------------------+------------------+------------+------------+----------------+
; Module Name            ; Machine Hostname ; OS Name    ; OS Version ; Processor type ;
+------------------------+------------------+------------+------------+----------------+
; Analysis & Elaboration ; DESKTOP-4VT7U9O  ; Windows 10 ; 10.0       ; x86_64         ;
+------------------------+------------------+------------+------------+----------------+
>>>>>>> f68011707426c6d18ca6cf056fe76fcb64bea9df


------------
; Flow Log ;
------------
<<<<<<< HEAD
quartus_map --read_settings_files=on --write_settings_files=off SurroundSound -c SurroundSound
quartus_fit --read_settings_files=off --write_settings_files=off SurroundSound -c SurroundSound
quartus_asm --read_settings_files=off --write_settings_files=off SurroundSound -c SurroundSound
quartus_sta SurroundSound -c SurroundSound
=======
quartus_map --read_settings_files=on --write_settings_files=off SurroundSound -c SurroundSound --analysis_and_elaboration
>>>>>>> f68011707426c6d18ca6cf056fe76fcb64bea9df



